<?xml version="1.0" encoding="UTF-8"?>
<testng-results ignored="0" total="3" passed="3" failed="0" skipped="0">
  <reporter-output>
  </reporter-output>
  <suite started-at="2023-11-24T11:56:55Z" name="Default suite" finished-at="2023-11-24T11:57:15Z" duration-ms="20359">
    <groups>
    </groups>
    <test started-at="2023-11-24T11:56:55Z" name="Default test" finished-at="2023-11-24T11:57:15Z" duration-ms="20359">
      <class name="com.test.Task2">
        <test-method is-config="true" signature="setUp()[pri:0, instance:com.test.Task2@609e8838]" started-at="2023-11-24T11:56:55Z" name="setUp" finished-at="2023-11-24T11:57:04Z" duration-ms="8938" status="PASS">
          <reporter-output>
          </reporter-output>
        </test-method> <!-- setUp -->
        <test-method signature="test1(java.lang.String, java.lang.String)[pri:0, instance:com.test.Task2@609e8838]" started-at="2023-11-24T11:57:04Z" name="test1" data-provider="testdata" finished-at="2023-11-24T11:57:07Z" duration-ms="3544" status="PASS">
          <params>
            <param index="0">
              <value>
                <![CDATA[tomsmith1]]>
              </value>
            </param>
            <param index="1">
              <value>
                <![CDATA[SuperSecretPassword]]>
              </value>
            </param>
          </params>
          <reporter-output>
          </reporter-output>
        </test-method> <!-- test1 -->
        <test-method signature="test1(java.lang.String, java.lang.String)[pri:0, instance:com.test.Task2@609e8838]" started-at="2023-11-24T11:57:07Z" name="test1" data-provider="testdata" finished-at="2023-11-24T11:57:11Z" duration-ms="3533" status="PASS">
          <params>
            <param index="0">
              <value>
                <![CDATA[tomsmith2]]>
              </value>
            </param>
            <param index="1">
              <value>
                <![CDATA[SuperSecretPassword]]>
              </value>
            </param>
          </params>
          <reporter-output>
          </reporter-output>
        </test-method> <!-- test1 -->
        <test-method signature="test1(java.lang.String, java.lang.String)[pri:0, instance:com.test.Task2@609e8838]" started-at="2023-11-24T11:57:11Z" name="test1" data-provider="testdata" finished-at="2023-11-24T11:57:15Z" duration-ms="3598" status="PASS">
          <params>
            <param index="0">
              <value>
                <![CDATA[tomsmith]]>
              </value>
            </param>
            <param index="1">
              <value>
                <![CDATA[SuperSecretPassword!]]>
              </value>
            </param>
          </params>
          <reporter-output>
          </reporter-output>
        </test-method> <!-- test1 -->
        <test-method is-config="true" signature="close()[pri:0, instance:com.test.Task2@609e8838]" started-at="2023-11-24T11:57:15Z" name="close" finished-at="2023-11-24T11:57:15Z" duration-ms="623" status="PASS">
          <reporter-output>
          </reporter-output>
        </test-method> <!-- close -->
      </class> <!-- com.test.Task2 -->
    </test> <!-- Default test -->
  </suite> <!-- Default suite -->
</testng-results>
